  LB__2.cpp
D:\LB_JK\LB_JK\LB__2\LB__2.cpp(17,10): warning C4477: "scanf_s": в строке форматирования "%c" требуется аргумент типа "unsigned int", но вариативный аргумент "3" имеет тип "unsigned short *"
D:\LB_JK\LB_JK\LB__2\LB__2.cpp(17,10): message : этот аргумент используется в качестве размера буфера
D:\LB_JK\LB_JK\LB__2\LB__2.cpp(17,10): warning C4477: "scanf_s": в строке форматирования "%d" требуется аргумент типа "int *", но вариативный аргумент "4" имеет тип "float *"
D:\LB_JK\LB_JK\LB__2\LB__2.cpp(17,10): warning C4473: "scanf_s": передано недостаточно аргументов для строки формата
D:\LB_JK\LB_JK\LB__2\LB__2.cpp(17,10): message : заполнители и их параметры ожидают переменное число аргументов в количестве 5, но было предоставлено 4
D:\LB_JK\LB_JK\LB__2\LB__2.cpp(17,10): message : отсутствующий вариативный аргумент "5" требуется для строки форматирования "%f"
D:\LB_JK\LB_JK\LB__2\LB__2.cpp(19,10): warning C4477: "scanf_s": в строке форматирования "%c" требуется аргумент типа "unsigned int", но вариативный аргумент "3" имеет тип "unsigned short *"
D:\LB_JK\LB_JK\LB__2\LB__2.cpp(19,10): message : этот аргумент используется в качестве размера буфера
D:\LB_JK\LB_JK\LB__2\LB__2.cpp(19,10): warning C4477: "scanf_s": в строке форматирования "%d" требуется аргумент типа "int *", но вариативный аргумент "4" имеет тип "float *"
D:\LB_JK\LB_JK\LB__2\LB__2.cpp(19,10): warning C4473: "scanf_s": передано недостаточно аргументов для строки формата
D:\LB_JK\LB_JK\LB__2\LB__2.cpp(19,10): message : заполнители и их параметры ожидают переменное число аргументов в количестве 5, но было предоставлено 4
D:\LB_JK\LB_JK\LB__2\LB__2.cpp(19,10): message : отсутствующий вариативный аргумент "5" требуется для строки форматирования "%f"
D:\LB_JK\LB_JK\LB__2\LB__2.cpp(21,10): warning C4477: "scanf_s": в строке форматирования "%c" требуется аргумент типа "unsigned int", но вариативный аргумент "3" имеет тип "unsigned short *"
D:\LB_JK\LB_JK\LB__2\LB__2.cpp(21,10): message : этот аргумент используется в качестве размера буфера
D:\LB_JK\LB_JK\LB__2\LB__2.cpp(21,10): warning C4477: "scanf_s": в строке форматирования "%d" требуется аргумент типа "int *", но вариативный аргумент "4" имеет тип "float *"
D:\LB_JK\LB_JK\LB__2\LB__2.cpp(21,10): warning C4473: "scanf_s": передано недостаточно аргументов для строки формата
D:\LB_JK\LB_JK\LB__2\LB__2.cpp(21,10): message : заполнители и их параметры ожидают переменное число аргументов в количестве 5, но было предоставлено 4
D:\LB_JK\LB_JK\LB__2\LB__2.cpp(21,10): message : отсутствующий вариативный аргумент "5" требуется для строки форматирования "%f"
D:\LB_JK\LB_JK\LB__2\LB__2.cpp(31,9): warning C4477: "printf": в строке форматирования "%9s" требуется аргумент типа "char *", но вариативный аргумент "1" имеет тип "int *"
D:\LB_JK\LB_JK\LB__2\LB__2.cpp(32,9): warning C4477: "printf": в строке форматирования "%9s" требуется аргумент типа "char *", но вариативный аргумент "1" имеет тип "int *"
D:\LB_JK\LB_JK\LB__2\LB__2.cpp(33,9): warning C4477: "printf": в строке форматирования "%9s" требуется аргумент типа "char *", но вариативный аргумент "1" имеет тип "int *"
  LB__2.vcxproj -> D:\LB_JK\LB_JK\LB__2\Debug\LB__2.exe
